<?xml version="1.0" encoding="UTF-8"?>
<!-- Generated by org.testng.reporters.JUnitReportReporter -->
<testsuite hostname="ATMECSINLT-601" failures="0" tests="1" name="com.atmecs.one_to_many.crud_operations.AddRecord" time="153.228" errors="0" timestamp="2020-10-30T17:18:33 IST" skipped="0">
  <testcase classname="com.atmecs.one_to_many.crud_operations.AddRecord" name="addRecord" time="153.228"/>
  <system-out/>
</testsuite> <!-- com.atmecs.one_to_many.crud_operations.AddRecord -->
