<?xml version="1.0" encoding="UTF-8"?>
<!-- Generated by org.testng.reporters.JUnitReportReporter -->
<testsuite hostname="ATMECSINLT-601" failures="0" tests="1" name="com.atmecs.one_to_many.crud_operations.DeleteRecord" time="5.425" errors="0" timestamp="2020-10-30T16:43:11 IST" skipped="0">
  <testcase classname="com.atmecs.one_to_many.crud_operations.DeleteRecord" name="deleteRecord" time="5.425"/>
  <system-out/>
</testsuite> <!-- com.atmecs.one_to_many.crud_operations.DeleteRecord -->
