<?xml version="1.0" encoding="UTF-8"?>
<!-- Generated by org.testng.reporters.JUnitReportReporter -->
<testsuite hostname="ATMECSINLT-601" failures="0" tests="1" name="com.atmecs.one_to_many_mapping.test.OneToOneMapping" time="15.764" errors="0" timestamp="2020-10-30T17:33:16 IST" skipped="0">
  <testcase classname="com.atmecs.one_to_many_mapping.test.OneToOneMapping" name="employee_details" time="15.764"/>
  <system-out/>
</testsuite> <!-- com.atmecs.one_to_many_mapping.test.OneToOneMapping -->
