<?xml version="1.0" encoding="UTF-8"?>
<!-- Generated by org.testng.reporters.JUnitReportReporter -->
<testsuite hostname="ATMECSINLT-601" failures="0" tests="1" name="com.atmecs.one_to_many.crud_operations.UpdateRecord" time="45.606" errors="0" timestamp="2020-10-30T16:50:31 IST" skipped="0">
  <testcase classname="com.atmecs.one_to_many.crud_operations.UpdateRecord" name="updateRecord" time="45.606"/>
  <system-out/>
</testsuite> <!-- com.atmecs.one_to_many.crud_operations.UpdateRecord -->
